<?xml version="1.0" encoding="UTF-8"?><testsuite errors="0" failures="1" name="web service post con data pojo" skipped="0" tests="1" time="4.66" timestamp="2020-02-07 09:21:45"><testcase name="Obtener list data reqrest"><failure message="1 expectation failed.&#10;JSON path createdAt doesn't match.&#10;Expected: a string containing &quot;2019&quot;&#10;  Actual: 2020-02-07T14:19:31.458Z&#10;" type="java.lang.AssertionError">1 expectation failed.
JSON path createdAt doesn't match.
Expected: a string containing "2019"
  Actual: 2020-02-07T14:19:31.458Z
</failure><system-err>1 expectation failed.
JSON path createdAt doesn't match.
Expected: a string containing "2019"
  Actual: 2020-02-07T14:19:31.458Z

io.restassured.internal.ResponseSpecificationImpl.validateResponseIfRequired(ResponseSpecificationImpl.groovy:656)
io.restassured.internal.ResponseSpecificationImpl.content(ResponseSpecificationImpl.groovy:277)
io.restassured.internal.ResponseSpecificationImpl.body(ResponseSpecificationImpl.groovy:260)
io.restassured.internal.ValidatableResponseOptionsImpl.body(ValidatableResponseOptionsImpl.java:274)
co.com.nombreproyecto.stepsdefinitions.ApiStepDefinition.lambda$seValidanLosDatosDeRespuesta$11(ApiStepDefinition.java:198)
net.serenitybdd.rest.Ensure.performCheck(Ensure.java:35)
net.serenitybdd.rest.Ensure.that(Ensure.java:23)
co.com.nombreproyecto.stepsdefinitions.ApiStepDefinition.seValidanLosDatosDeRespuesta(ApiStepDefinition.java:198)
cucumber.runner.PickleStepDefinitionMatch.runStep(PickleStepDefinitionMatch.java:50)
cucumber.runner.TestStep.executeStep(TestStep.java:63)
cucumber.runner.TestStep.run(TestStep.java:49)
cucumber.runner.PickleStepTestStep.run(PickleStepTestStep.java:43)
cucumber.runner.TestCase.run(TestCase.java:44)
cucumber.runner.Runner.runPickle(Runner.java:40)
</system-err></testcase></testsuite>